{"i": ["llvm -target=aarch64-linux-gnu", "topi_nn_conv2d", [["TENSOR", [1, 3, 224, 224], "float32"], ["TENSOR", [20, 3, 5, 5], "float32"], [1, 1], [0, 0], [1, 1], "NCHW", "float32"], {}, ["conv2d", [1, 3, 224, 224, "float32"], [20, 3, 5, 5, "float32"], [1, 1], [0, 0], [1, 1], "NCHW", "float32"], {"i": 65, "t": "direct", "c": null, "e": [["tile_ic", "sp", [-1, 3]], ["tile_oc", "sp", [-1, 4]], ["tile_ow", "sp", [-1, 11]], ["unroll_kw", "ot", true]]}], "r": [[0.003924263102564102], 0, 8.63470458984375, 1574773992.4506223], "v": 0.1}
{"i": ["llvm -target=aarch64-linux-gnu", "topi_nn_conv2d", [["TENSOR", [1, 20, 110, 110], "float32"], ["TENSOR", [50, 20, 5, 5], "float32"], [1, 1], [0, 0], [1, 1], "NCHW", "float32"], {}, ["conv2d", [1, 20, 110, 110, "float32"], [50, 20, 5, 5, "float32"], [1, 1], [0, 0], [1, 1], "NCHW", "float32"], {"i": 164, "t": "direct", "c": null, "e": [["tile_ic", "sp", [-1, 4]], ["tile_oc", "sp", [-1, 10]], ["tile_ow", "sp", [-1, 2]], ["unroll_kw", "ot", false]]}], "r": [[0.02110033275], 0, 6.523890972137451, 1574774212.783782], "v": 0.1}
{"i": ["llvm -target=aarch64-linux-gnu", "topi_nn_dense", [["TENSOR", [1, 140450], "float32"], ["TENSOR", [500, 140450], "float32"], null, "float32"], {}, ["dense", [1, 140450, "float32"], [500, 140450, "float32"], 0, "float32"], {"i": 16, "t": "direct", "c": null, "e": [["tile_y", "sp", [-1, 1]], ["tile_x", "sp", [-1, 10]], ["tile_k", "sp", [-1, 2]]]}], "r": [[0.046372640199999995], 0, 1.22691011428833, 1574774451.0192595], "v": 0.1}
{"i": ["llvm -target=aarch64-linux-gnu", "topi_nn_dense", [["TENSOR", [1, 500], "float32"], ["TENSOR", [10, 500], "float32"], null, "float32"], {}, ["dense", [1, 500, "float32"], [10, 500, "float32"], 0, "float32"], {"i": 11, "t": "direct", "c": null, "e": [["tile_y", "sp", [-1, 1]], ["tile_x", "sp", [-1, 10]], ["tile_k", "sp", [-1, 4]]]}], "r": [[1.2526067990567646e-06], 0, 9.195468187332153, 1574774845.846234], "v": 0.1}

Extrack tasks...
Tuning...
[Task  1/ 4]  Current/Best:   19.90/  37.00 GFLOPS | Progress: (200/200) | 201.34 s Done.
[Task  2/ 4]  Current/Best:    3.98/  26.63 GFLOPS | Progress: (200/200) | 359.79 s Done.
[Task  3/ 4]  Current/Best:    0.38/   3.03 GFLOPS | Progress: (200/200) | 350.45 s Done.
[Task  4/ 4]  Current/Best:    0.91/   7.99 GFLOPS | Progress: (48/48) | 59.92 s Done.
Compile...
Run...
Set_input("data")
Set_input(**param)
p4
p2
p6
p0
p5
p3
p1
p7
Evaluate inference time cost...
0.122433533
Mean inference time (std dev): 123.47 ms (2.88 ms)
